{"level":"info","message":"⌛ Building environment","timeElapsed":157,"timestamp":"2024-09-29T00:06:47.569Z"}
{"level":"info","message":"⌛ Validating game.wpgm","timeElapsed":775,"timestamp":"2024-09-29T00:06:48.361Z"}
{"level":"info","message":"⌛ Building environment","timeElapsed":152,"timestamp":"2024-09-29T00:06:49.480Z"}
{"level":"info","message":"⌛ Validating game.wpgm","timeElapsed":485,"timestamp":"2024-09-29T00:06:49.967Z"}
{"level":"info","message":"⌛ Building environment","timeElapsed":179,"timestamp":"2024-09-29T00:06:50.472Z"}
{"level":"info","message":"⌛ Validating game.wpgm","timeElapsed":158,"timestamp":"2024-09-29T00:06:50.632Z"}
{"level":"info","message":"⌛ Building environment","timeElapsed":202,"timestamp":"2024-09-29T00:06:53.460Z"}
{"level":"info","message":"⌛ Validating game.wpgm","timeElapsed":167,"timestamp":"2024-09-29T00:06:53.630Z"}
{"level":"info","message":"⌛ Building environment","timeElapsed":451,"timestamp":"2024-09-29T00:07:49.888Z"}
{"level":"error","message":"✘ Completions for node failed: Error: [Send]{2d6a1f} at granja.wlk:41 exhausted all cases without a match [Send]{2d6a1f} at granja.wlk:41 exhausted all cases without a match","stack":"Error: [Send]{2d6a1f} at granja.wlk:41 exhausted all cases without a match\n    at /Users/renpastorini/.vscode/extensions/uqbar.wollok-lsp-ide-0.3.5/out/server/src/server.js:38:6067\n    at hh (/Users/renpastorini/.vscode/extensions/uqbar.wollok-lsp-ide-0.3.5/out/server/src/server.js:2281:42)\n    at vh (/Users/renpastorini/.vscode/extensions/uqbar.wollok-lsp-ide-0.3.5/out/server/src/server.js:2281:1004)\n    at F5n (/Users/renpastorini/.vscode/extensions/uqbar.wollok-lsp-ide-0.3.5/out/server/src/server.js:2281:1160)\n    at /Users/renpastorini/.vscode/extensions/uqbar.wollok-lsp-ide-0.3.5/out/server/src/server.js:38:6056\n    at hh (/Users/renpastorini/.vscode/extensions/uqbar.wollok-lsp-ide-0.3.5/out/server/src/server.js:2281:42)\n    at /Users/renpastorini/.vscode/extensions/uqbar.wollok-lsp-ide-0.3.5/out/server/src/server.js:2281:2700\n    at /Users/renpastorini/.vscode/extensions/uqbar.wollok-lsp-ide-0.3.5/out/server/src/server.js:2288:3774\n    at /Users/renpastorini/.vscode/extensions/uqbar.wollok-lsp-ide-0.3.5/out/server/src/server.js:37:74872\n    at Fe (/Users/renpastorini/.vscode/extensions/uqbar.wollok-lsp-ide-0.3.5/out/server/src/server.js:7:8527)","timestamp":"2024-09-29T00:07:50.085Z"}
{"level":"info","message":"⌛ Autocomplete - Reference","timeElapsed":183,"timestamp":"2024-09-29T00:07:50.088Z"}
{"level":"info","message":"⌛ Building environment","timeElapsed":252,"timestamp":"2024-09-29T00:07:50.348Z"}
{"level":"info","message":"⌛ Building environment","timeElapsed":399,"timestamp":"2024-09-29T00:07:50.755Z"}
{"level":"info","message":"⌛ Validating granja.wlk","timeElapsed":291,"timestamp":"2024-09-29T00:07:51.047Z"}
{"level":"info","message":"⌛ Building environment","timeElapsed":302,"timestamp":"2024-09-29T00:07:51.350Z"}
{"level":"info","message":"⌛ Building environment","timeElapsed":873,"timestamp":"2024-09-29T00:07:52.348Z"}
{"level":"info","message":"⌛ Building environment","timeElapsed":1290,"timestamp":"2024-09-29T00:07:53.673Z"}
{"level":"error","message":"✘ Completions for node failed: Error: [Send]{3de276} at granja.wlk:41 exhausted all cases without a match [Send]{3de276} at granja.wlk:41 exhausted all cases without a match","stack":"Error: [Send]{3de276} at granja.wlk:41 exhausted all cases without a match\n    at /Users/renpastorini/.vscode/extensions/uqbar.wollok-lsp-ide-0.3.5/out/server/src/server.js:38:6067\n    at hh (/Users/renpastorini/.vscode/extensions/uqbar.wollok-lsp-ide-0.3.5/out/server/src/server.js:2281:42)\n    at vh (/Users/renpastorini/.vscode/extensions/uqbar.wollok-lsp-ide-0.3.5/out/server/src/server.js:2281:1004)\n    at F5n (/Users/renpastorini/.vscode/extensions/uqbar.wollok-lsp-ide-0.3.5/out/server/src/server.js:2281:1160)\n    at /Users/renpastorini/.vscode/extensions/uqbar.wollok-lsp-ide-0.3.5/out/server/src/server.js:38:6056\n    at hh (/Users/renpastorini/.vscode/extensions/uqbar.wollok-lsp-ide-0.3.5/out/server/src/server.js:2281:42)\n    at /Users/renpastorini/.vscode/extensions/uqbar.wollok-lsp-ide-0.3.5/out/server/src/server.js:2281:2700\n    at /Users/renpastorini/.vscode/extensions/uqbar.wollok-lsp-ide-0.3.5/out/server/src/server.js:2288:3774\n    at /Users/renpastorini/.vscode/extensions/uqbar.wollok-lsp-ide-0.3.5/out/server/src/server.js:37:74872\n    at Fe (/Users/renpastorini/.vscode/extensions/uqbar.wollok-lsp-ide-0.3.5/out/server/src/server.js:7:8527)","timestamp":"2024-09-29T00:07:53.826Z"}
{"level":"info","message":"⌛ Autocomplete - Reference","timeElapsed":139,"timestamp":"2024-09-29T00:07:53.834Z"}
{"level":"info","message":"⌛ Validating granja.wlk","timeElapsed":1370,"timestamp":"2024-09-29T00:07:55.223Z"}
{"level":"info","message":"⌛ Building environment","timeElapsed":559,"timestamp":"2024-09-29T00:07:55.798Z"}
{"level":"info","message":"⌛ Building environment","timeElapsed":541,"timestamp":"2024-09-29T00:07:56.356Z"}
{"level":"info","message":"⌛ Validating granja.wlk","timeElapsed":1627,"timestamp":"2024-09-29T00:07:58.023Z"}
{"level":"info","message":"⌛ Validating granja.wlk","timeElapsed":345,"timestamp":"2024-09-29T00:07:58.426Z"}
{"level":"error","message":"✘ Completions for node failed: Error: [Send]{341fbd} at granja.wlk:41 exhausted all cases without a match [Send]{341fbd} at granja.wlk:41 exhausted all cases without a match","stack":"Error: [Send]{341fbd} at granja.wlk:41 exhausted all cases without a match\n    at /Users/renpastorini/.vscode/extensions/uqbar.wollok-lsp-ide-0.3.5/out/server/src/server.js:38:6067\n    at hh (/Users/renpastorini/.vscode/extensions/uqbar.wollok-lsp-ide-0.3.5/out/server/src/server.js:2281:42)\n    at vh (/Users/renpastorini/.vscode/extensions/uqbar.wollok-lsp-ide-0.3.5/out/server/src/server.js:2281:1004)\n    at F5n (/Users/renpastorini/.vscode/extensions/uqbar.wollok-lsp-ide-0.3.5/out/server/src/server.js:2281:1160)\n    at /Users/renpastorini/.vscode/extensions/uqbar.wollok-lsp-ide-0.3.5/out/server/src/server.js:38:6056\n    at hh (/Users/renpastorini/.vscode/extensions/uqbar.wollok-lsp-ide-0.3.5/out/server/src/server.js:2281:42)\n    at /Users/renpastorini/.vscode/extensions/uqbar.wollok-lsp-ide-0.3.5/out/server/src/server.js:2281:2700\n    at /Users/renpastorini/.vscode/extensions/uqbar.wollok-lsp-ide-0.3.5/out/server/src/server.js:2288:3774\n    at /Users/renpastorini/.vscode/extensions/uqbar.wollok-lsp-ide-0.3.5/out/server/src/server.js:37:74872\n    at Fe (/Users/renpastorini/.vscode/extensions/uqbar.wollok-lsp-ide-0.3.5/out/server/src/server.js:7:8527)","timestamp":"2024-09-29T00:07:58.458Z"}
{"level":"info","message":"⌛ Building environment","timeElapsed":170,"timestamp":"2024-09-29T00:07:58.632Z"}
{"level":"info","message":"⌛ Validating granja.wlk","timeElapsed":229,"timestamp":"2024-09-29T00:07:58.869Z"}
{"level":"info","message":"⌛ Validating granja.wlk","timeElapsed":247,"timestamp":"2024-09-29T00:07:59.126Z"}
{"level":"info","message":"⌛ Validating granja.wlk","timeElapsed":213,"timestamp":"2024-09-29T00:07:59.339Z"}
{"level":"info","message":"⌛ Validating granja.wlk","timeElapsed":225,"timestamp":"2024-09-29T00:07:59.573Z"}
{"level":"info","message":"⌛ Validating granja.wlk","timeElapsed":256,"timestamp":"2024-09-29T00:07:59.834Z"}
{"exitCode":"SIGHUP","level":"info","message":"👾 Game executed game.farmville on /Users/renpastorini/Desktop/Objetos/2024s2-granja-villa-PastoriniRenata","timeElapsed":51810,"timestamp":"2024-09-29T00:08:18.895Z"}
{"level":"info","message":"⌛ Building environment","timeElapsed":202,"timestamp":"2024-09-29T00:09:22.213Z"}
{"level":"error","message":"✘ Completions for node failed: Error: [Send]{e1f3ea} at granja.wlk:41 exhausted all cases without a match [Send]{e1f3ea} at granja.wlk:41 exhausted all cases without a match","stack":"Error: [Send]{e1f3ea} at granja.wlk:41 exhausted all cases without a match\n    at /Users/renpastorini/.vscode/extensions/uqbar.wollok-lsp-ide-0.3.5/out/server/src/server.js:38:6067\n    at hh (/Users/renpastorini/.vscode/extensions/uqbar.wollok-lsp-ide-0.3.5/out/server/src/server.js:2281:42)\n    at vh (/Users/renpastorini/.vscode/extensions/uqbar.wollok-lsp-ide-0.3.5/out/server/src/server.js:2281:1004)\n    at F5n (/Users/renpastorini/.vscode/extensions/uqbar.wollok-lsp-ide-0.3.5/out/server/src/server.js:2281:1160)\n    at /Users/renpastorini/.vscode/extensions/uqbar.wollok-lsp-ide-0.3.5/out/server/src/server.js:38:6056\n    at hh (/Users/renpastorini/.vscode/extensions/uqbar.wollok-lsp-ide-0.3.5/out/server/src/server.js:2281:42)\n    at /Users/renpastorini/.vscode/extensions/uqbar.wollok-lsp-ide-0.3.5/out/server/src/server.js:2281:2700\n    at /Users/renpastorini/.vscode/extensions/uqbar.wollok-lsp-ide-0.3.5/out/server/src/server.js:2288:3774\n    at /Users/renpastorini/.vscode/extensions/uqbar.wollok-lsp-ide-0.3.5/out/server/src/server.js:37:74872\n    at Fe (/Users/renpastorini/.vscode/extensions/uqbar.wollok-lsp-ide-0.3.5/out/server/src/server.js:7:8527)","timestamp":"2024-09-29T00:09:22.249Z"}
{"level":"info","message":"⌛ Validating granja.wlk","timeElapsed":428,"timestamp":"2024-09-29T00:09:22.685Z"}
{"level":"info","message":"⌛ Building environment","timeElapsed":383,"timestamp":"2024-09-29T00:09:23.460Z"}
{"level":"error","message":"✘ Completions for node failed: Error: [Send]{ffc7d0} at granja.wlk:41 exhausted all cases without a match [Send]{ffc7d0} at granja.wlk:41 exhausted all cases without a match","stack":"Error: [Send]{ffc7d0} at granja.wlk:41 exhausted all cases without a match\n    at /Users/renpastorini/.vscode/extensions/uqbar.wollok-lsp-ide-0.3.5/out/server/src/server.js:38:6067\n    at hh (/Users/renpastorini/.vscode/extensions/uqbar.wollok-lsp-ide-0.3.5/out/server/src/server.js:2281:42)\n    at vh (/Users/renpastorini/.vscode/extensions/uqbar.wollok-lsp-ide-0.3.5/out/server/src/server.js:2281:1004)\n    at F5n (/Users/renpastorini/.vscode/extensions/uqbar.wollok-lsp-ide-0.3.5/out/server/src/server.js:2281:1160)\n    at /Users/renpastorini/.vscode/extensions/uqbar.wollok-lsp-ide-0.3.5/out/server/src/server.js:38:6056\n    at hh (/Users/renpastorini/.vscode/extensions/uqbar.wollok-lsp-ide-0.3.5/out/server/src/server.js:2281:42)\n    at /Users/renpastorini/.vscode/extensions/uqbar.wollok-lsp-ide-0.3.5/out/server/src/server.js:2281:2700\n    at /Users/renpastorini/.vscode/extensions/uqbar.wollok-lsp-ide-0.3.5/out/server/src/server.js:2288:3774\n    at /Users/renpastorini/.vscode/extensions/uqbar.wollok-lsp-ide-0.3.5/out/server/src/server.js:37:74872\n    at Fe (/Users/renpastorini/.vscode/extensions/uqbar.wollok-lsp-ide-0.3.5/out/server/src/server.js:7:8527)","timestamp":"2024-09-29T00:09:23.585Z"}
{"level":"info","message":"⌛ Autocomplete - Reference","timeElapsed":111,"timestamp":"2024-09-29T00:09:23.590Z"}
{"level":"info","message":"⌛ Validating granja.wlk","timeElapsed":252,"timestamp":"2024-09-29T00:09:23.843Z"}
{"level":"info","message":"⌛ Building environment","timeElapsed":529,"timestamp":"2024-09-29T00:09:24.376Z"}
{"level":"error","message":"✘ Completions for node failed: Error: [Send]{643799} at granja.wlk:41 exhausted all cases without a match [Send]{643799} at granja.wlk:41 exhausted all cases without a match","stack":"Error: [Send]{643799} at granja.wlk:41 exhausted all cases without a match\n    at /Users/renpastorini/.vscode/extensions/uqbar.wollok-lsp-ide-0.3.5/out/server/src/server.js:38:6067\n    at hh (/Users/renpastorini/.vscode/extensions/uqbar.wollok-lsp-ide-0.3.5/out/server/src/server.js:2281:42)\n    at vh (/Users/renpastorini/.vscode/extensions/uqbar.wollok-lsp-ide-0.3.5/out/server/src/server.js:2281:1004)\n    at F5n (/Users/renpastorini/.vscode/extensions/uqbar.wollok-lsp-ide-0.3.5/out/server/src/server.js:2281:1160)\n    at /Users/renpastorini/.vscode/extensions/uqbar.wollok-lsp-ide-0.3.5/out/server/src/server.js:38:6056\n    at hh (/Users/renpastorini/.vscode/extensions/uqbar.wollok-lsp-ide-0.3.5/out/server/src/server.js:2281:42)\n    at /Users/renpastorini/.vscode/extensions/uqbar.wollok-lsp-ide-0.3.5/out/server/src/server.js:2281:2700\n    at /Users/renpastorini/.vscode/extensions/uqbar.wollok-lsp-ide-0.3.5/out/server/src/server.js:2288:3774\n    at /Users/renpastorini/.vscode/extensions/uqbar.wollok-lsp-ide-0.3.5/out/server/src/server.js:37:74872\n    at Fe (/Users/renpastorini/.vscode/extensions/uqbar.wollok-lsp-ide-0.3.5/out/server/src/server.js:7:8527)","timestamp":"2024-09-29T00:09:24.476Z"}
{"level":"info","message":"⌛ Building environment","timeElapsed":830,"timestamp":"2024-09-29T00:09:25.335Z"}
{"level":"error","message":"✘ Completions for node failed: Error: [Send]{0073b5} at granja.wlk:41 exhausted all cases without a match [Send]{0073b5} at granja.wlk:41 exhausted all cases without a match","stack":"Error: [Send]{0073b5} at granja.wlk:41 exhausted all cases without a match\n    at /Users/renpastorini/.vscode/extensions/uqbar.wollok-lsp-ide-0.3.5/out/server/src/server.js:38:6067\n    at hh (/Users/renpastorini/.vscode/extensions/uqbar.wollok-lsp-ide-0.3.5/out/server/src/server.js:2281:42)\n    at vh (/Users/renpastorini/.vscode/extensions/uqbar.wollok-lsp-ide-0.3.5/out/server/src/server.js:2281:1004)\n    at F5n (/Users/renpastorini/.vscode/extensions/uqbar.wollok-lsp-ide-0.3.5/out/server/src/server.js:2281:1160)\n    at /Users/renpastorini/.vscode/extensions/uqbar.wollok-lsp-ide-0.3.5/out/server/src/server.js:38:6056\n    at hh (/Users/renpastorini/.vscode/extensions/uqbar.wollok-lsp-ide-0.3.5/out/server/src/server.js:2281:42)\n    at /Users/renpastorini/.vscode/extensions/uqbar.wollok-lsp-ide-0.3.5/out/server/src/server.js:2281:2700\n    at /Users/renpastorini/.vscode/extensions/uqbar.wollok-lsp-ide-0.3.5/out/server/src/server.js:2288:3774\n    at /Users/renpastorini/.vscode/extensions/uqbar.wollok-lsp-ide-0.3.5/out/server/src/server.js:37:74872\n    at Fe (/Users/renpastorini/.vscode/extensions/uqbar.wollok-lsp-ide-0.3.5/out/server/src/server.js:7:8527)","timestamp":"2024-09-29T00:09:25.393Z"}
{"level":"info","message":"⌛ Validating granja.wlk","timeElapsed":221,"timestamp":"2024-09-29T00:09:25.627Z"}
{"level":"info","message":"⌛ Validating granja.wlk","timeElapsed":294,"timestamp":"2024-09-29T00:09:25.922Z"}
{"level":"info","message":"⌛ Building environment","timeElapsed":180,"timestamp":"2024-09-29T00:09:46.894Z"}
{"level":"info","message":"⌛ Validating granja.wlk","timeElapsed":370,"timestamp":"2024-09-29T00:09:47.267Z"}
{"level":"info","message":"⌛ Building environment","timeElapsed":301,"timestamp":"2024-09-29T00:09:47.726Z"}
{"level":"info","message":"⌛ Autocomplete - Reference","timeElapsed":110,"timestamp":"2024-09-29T00:09:47.873Z"}
{"level":"info","message":"⌛ Building environment","timeElapsed":382,"timestamp":"2024-09-29T00:09:48.258Z"}
{"level":"info","message":"⌛ Validating granja.wlk","timeElapsed":373,"timestamp":"2024-09-29T00:09:48.632Z"}
{"level":"info","message":"⌛ Validating granja.wlk","timeElapsed":344,"timestamp":"2024-09-29T00:09:48.988Z"}
{"level":"info","message":"⌛ Building environment","timeElapsed":254,"timestamp":"2024-09-29T00:09:49.286Z"}
{"level":"info","message":"⌛ Building environment","timeElapsed":159,"timestamp":"2024-09-29T00:09:49.466Z"}
{"level":"info","message":"⌛ Validating granja.wlk","timeElapsed":207,"timestamp":"2024-09-29T00:09:49.700Z"}
{"level":"info","message":"⌛ Validating granja.wlk","timeElapsed":361,"timestamp":"2024-09-29T00:09:50.071Z"}
{"level":"info","message":"⌛ Building environment","timeElapsed":191,"timestamp":"2024-09-29T00:09:50.263Z"}
{"level":"info","message":"⌛ Building environment","timeElapsed":158,"timestamp":"2024-09-29T00:09:50.422Z"}
{"level":"info","message":"⌛ Validating granja.wlk","timeElapsed":197,"timestamp":"2024-09-29T00:09:50.620Z"}
{"level":"info","message":"⌛ Validating granja.wlk","timeElapsed":272,"timestamp":"2024-09-29T00:09:50.897Z"}
{"level":"info","message":"⌛ Building environment","timeElapsed":215,"timestamp":"2024-09-29T00:09:51.141Z"}
{"level":"info","message":"⌛ Validating granja.wlk","timeElapsed":209,"timestamp":"2024-09-29T00:09:51.351Z"}
{"exitCode":"SIGHUP","level":"info","message":"👾 Game executed game.farmville on /Users/renpastorini/Desktop/Objetos/2024s2-granja-villa-PastoriniRenata","timeElapsed":97777,"timestamp":"2024-09-29T00:10:31.684Z"}
{"level":"info","message":"⌛ Building environment","timeElapsed":1637,"timestamp":"2024-09-29T00:11:05.255Z"}
